<?xml version="1.0" encoding="UTF-8"?>
<!-- Generated by org.testng.reporters.JUnitXMLReporter -->
<testsuite hostname="DESKTOP-GQ55FT2" ignored="1" name="Test" tests="5" failures="0" timestamp="2020-05-26T22:05:49 IST" time="0.093" errors="0">
  <testcase name="TC01" time="0.009" classname="TestNGPack.C1"/>
  <testcase name="TC02" time="0.002" classname="TestNGPack.C1"/>
  <testcase name="TC03" time="0.005" classname="TestNGPack.C2"/>
  <testcase name="TC03" time="0.002" classname="TestNGPack.C3"/>
  <testcase name="TC01" time="0.002" classname="TestNGPack.C3"/>
  <testcase name="TC02" time="0.0" classname="TestNGPack.C3">
    <ignored/>
  </testcase> <!-- TC02 -->
</testsuite> <!-- Test -->
